<?xml version="1.0" encoding="UTF-8"?>
<!-- Generated by org.testng.reporters.JUnitReportReporter -->
<testsuite hostname="LAPTOP-E74DTKLP" failures="0" tests="3" name="Guru99.verifyAccountCreation" time="6.565" errors="0" timestamp="2020-04-28T12:04:41 MST" skipped="0">
  <testcase classname="Guru99.verifyAccountCreation" name="addingTvToWishlist" time="3.110"/>
  <system-out/>
  <testcase classname="Guru99.verifyAccountCreation" name="creatingNewAccount" time="0.461"/>
  <system-out/>
  <testcase classname="Guru99.verifyAccountCreation" name="registeringNewUser" time="2.994"/>
  <system-out/>
</testsuite> <!-- Guru99.verifyAccountCreation -->
