<?xml version="1.0" encoding="UTF-8"?>
<!-- Generated by org.testng.reporters.JUnitReportReporter -->
<testsuite hostname="LAPTOP-E74DTKLP" failures="0" tests="3" name="Guru99.verifyAccountCreation" time="9.176" errors="0" timestamp="2020-05-03T13:02:03 MST" skipped="0">
  <testcase classname="Guru99.verifyAccountCreation" name="creatingNewAccount" time="1.251"/>
  <system-out/>
  <testcase classname="Guru99.verifyAccountCreation" name="addingTvToWishlist" time="5.569"/>
  <system-out/>
  <testcase classname="Guru99.verifyAccountCreation" name="registeringNewUser" time="2.356"/>
  <system-out/>
</testsuite> <!-- Guru99.verifyAccountCreation -->
