<?xml version="1.0" encoding="UTF-8"?>
<!-- Generated by org.testng.reporters.JUnitReportReporter -->
<testsuite hostname="LAPTOP-E74DTKLP" failures="0" tests="3" name="Guru99.verifyAccountCreation" time="7.964" errors="0" timestamp="2020-05-01T16:39:31 MST" skipped="0">
  <testcase classname="Guru99.verifyAccountCreation" name="creatingNewAccount" time="0.500"/>
  <system-out/>
  <testcase classname="Guru99.verifyAccountCreation" name="addingTvToWishlist" time="3.060"/>
  <system-out/>
  <testcase classname="Guru99.verifyAccountCreation" name="registeringNewUser" time="4.404"/>
  <system-out/>
</testsuite> <!-- Guru99.verifyAccountCreation -->
