<?xml version="1.0" encoding="UTF-8"?>
<!-- Generated by org.testng.reporters.JUnitReportReporter -->
<testsuite hostname="LAPTOP-E74DTKLP" failures="0" tests="1" name="Guru99.verifySonyXpheriaQuantity" time="3.124" errors="0" timestamp="2020-04-15T21:32:24 MST" skipped="0">
  <testcase classname="Guru99.verifySonyXpheriaQuantity" name="verifyingQuantityOverCapacity" time="3.124"/>
  <system-out/>
</testsuite> <!-- Guru99.verifySonyXpheriaQuantity -->
