<?xml version="1.0" encoding="UTF-8"?>
<!-- Generated by org.testng.reporters.JUnitReportReporter -->
<testsuite hostname="LAPTOP-E74DTKLP" failures="0" tests="2" name="Guru99.verifyMobItemSorted" time="2.876" errors="0" timestamp="2020-04-22T14:03:55 MST" skipped="0">
  <testcase classname="Guru99.verifyMobItemSorted" name="verifyMobTitlePage" time="1.610"/>
  <system-out/>
  <testcase classname="Guru99.verifyMobItemSorted" name="verifyItemInMobList" time="1.266"/>
  <system-out/>
</testsuite> <!-- Guru99.verifyMobItemSorted -->
