<?xml version="1.0" encoding="UTF-8"?>
<!-- Generated by org.testng.reporters.JUnitReportReporter -->
<testsuite hostname="LAPTOP-E74DTKLP" failures="0" tests="1" name="Guru99.verifySonyXperiaPrice" time="2.360" errors="0" timestamp="2020-04-11T16:30:43 MST" skipped="0">
  <testcase classname="Guru99.verifySonyXperiaPrice" name="RetrieveSonyXperiaPrice" time="2.360"/>
  <system-out/>
</testsuite> <!-- Guru99.verifySonyXperiaPrice -->
