<?xml version="1.0" encoding="UTF-8"?>
<!-- Generated by org.testng.reporters.JUnitReportReporter -->
<testsuite hostname="LAPTOP-E74DTKLP" failures="0" tests="2" name="Guru99.verifyMobItemSorted" time="2.493" errors="0" timestamp="2020-04-15T21:32:24 MST" skipped="0">
  <testcase classname="Guru99.verifyMobItemSorted" name="verifyMobTitlePage" time="1.604"/>
  <system-out/>
  <testcase classname="Guru99.verifyMobItemSorted" name="verifyItemInMobList" time="0.889"/>
  <system-out/>
</testsuite> <!-- Guru99.verifyMobItemSorted -->
