<?xml version="1.0" encoding="UTF-8"?>
<!-- Generated by org.testng.reporters.JUnitReportReporter -->
<testsuite hostname="LAPTOP-E74DTKLP" failures="0" tests="2" name="Guru99.verifyMobItemSorted" time="2.247" errors="0" timestamp="2020-04-28T12:04:41 MST" skipped="0">
  <testcase classname="Guru99.verifyMobItemSorted" name="verifyMobTitlePage" time="1.654"/>
  <system-out/>
  <testcase classname="Guru99.verifyMobItemSorted" name="verifyItemInMobList" time="0.593"/>
  <system-out/>
</testsuite> <!-- Guru99.verifyMobItemSorted -->
