<?xml version="1.0" encoding="UTF-8"?>
<!-- Generated by org.testng.reporters.JUnitReportReporter -->
<testsuite hostname="LAPTOP-E74DTKLP" failures="0" tests="1" name="Guru99.verifySonyXperiaPrice" time="0.050" errors="0" timestamp="5 Apr 2020 23:43:12 GMT">
  <testcase classname="Guru99.verifySonyXperiaPrice" name="RetrieveSonyXperiaPrice" time="0.050"/>
</testsuite> <!-- Guru99.verifySonyXperiaPrice -->
