<?xml version="1.0" encoding="UTF-8"?>
<!-- Generated by org.testng.reporters.JUnitReportReporter -->
<testsuite hostname="LAPTOP-E74DTKLP" failures="0" tests="1" name="Guru99.verifyTwoMobileToCompare" time="5.741" errors="0" timestamp="2020-05-01T16:39:31 MST" skipped="0">
  <testcase classname="Guru99.verifyTwoMobileToCompare" name="addingmobilesToCompare" time="5.741"/>
  <system-out/>
</testsuite> <!-- Guru99.verifyTwoMobileToCompare -->
