<?xml version="1.0" encoding="UTF-8"?>
<!-- Generated by org.testng.reporters.JUnitReportReporter -->
<testsuite hostname="LAPTOP-E74DTKLP" failures="0" tests="1" name="Guru99.verifySonyXperiaPrice" time="1.606" errors="0" timestamp="2020-04-15T15:11:46 MST" skipped="0">
  <testcase classname="Guru99.verifySonyXperiaPrice" name="RetrieveSonyXperiaPrice" time="1.606"/>
  <system-out/>
</testsuite> <!-- Guru99.verifySonyXperiaPrice -->
