<?xml version="1.0" encoding="UTF-8"?>
<!-- Generated by org.testng.reporters.JUnitReportReporter -->
<testsuite hostname="LAPTOP-E74DTKLP" failures="0" tests="3" name="Guru99.verifyMobItemSorted" time="3.218" errors="0" timestamp="4 Apr 2020 23:46:41 GMT">
  <testcase classname="Guru99.verifyMobItemSorted" name="verifyMagentoTitlePage" time="0.019"/>
  <testcase classname="Guru99.verifyMobItemSorted" name="verifyItemInMobList" time="1.145"/>
  <testcase classname="Guru99.verifyMobItemSorted" name="verifyMobTitlePage" time="2.054"/>
</testsuite> <!-- Guru99.verifyMobItemSorted -->
