<?xml version="1.0" encoding="UTF-8"?>
<!-- Generated by org.testng.reporters.JUnitReportReporter -->
<testsuite hostname="LAPTOP-E74DTKLP" failures="0" tests="1" name="Guru99.verifyTwoMobileToCompare" time="8.762" errors="0" timestamp="2020-04-28T12:04:41 MST" skipped="0">
  <testcase classname="Guru99.verifyTwoMobileToCompare" name="addingmobilesToCompare" time="8.762"/>
  <system-out/>
</testsuite> <!-- Guru99.verifyTwoMobileToCompare -->
