<?xml version="1.0" encoding="UTF-8"?>
<!-- Generated by org.testng.reporters.JUnitReportReporter -->
<testsuite hostname="LAPTOP-E74DTKLP" failures="0" tests="1" name="Guru99.verifySonyXpheriaQuantity" time="6.812" errors="0" timestamp="2020-04-24T18:28:28 MST" skipped="0">
  <testcase classname="Guru99.verifySonyXpheriaQuantity" name="verifyingQuantityOverCapacity" time="6.812"/>
  <system-out/>
</testsuite> <!-- Guru99.verifySonyXpheriaQuantity -->
