<?xml version="1.0" encoding="UTF-8"?>
<!-- Generated by org.testng.reporters.JUnitReportReporter -->
<testsuite hostname="LAPTOP-E74DTKLP" failures="0" tests="2" name="Guru99.verifyMobItemSorted" time="4.156" errors="0" timestamp="2020-05-02T13:22:44 MST" skipped="0">
  <testcase classname="Guru99.verifyMobItemSorted" name="verifyMobTitlePage" time="3.064"/>
  <system-out/>
  <testcase classname="Guru99.verifyMobItemSorted" name="verifyItemInMobList" time="1.092"/>
  <system-out/>
</testsuite> <!-- Guru99.verifyMobItemSorted -->
