<?xml version="1.0" encoding="UTF-8"?>
<!-- Generated by org.testng.reporters.JUnitReportReporter -->
<testsuite hostname="LAPTOP-E74DTKLP" failures="0" tests="3" name="Guru99.verifyAccountCreation" time="14.057" errors="0" timestamp="2020-05-03T13:17:30 MST" skipped="0">
  <testcase classname="Guru99.verifyAccountCreation" name="addingTvToWishlist" time="9.107"/>
  <system-out/>
  <testcase classname="Guru99.verifyAccountCreation" name="creatingNewAccount" time="2.273"/>
  <system-out/>
  <testcase classname="Guru99.verifyAccountCreation" name="registeringNewUser" time="2.677"/>
  <system-out/>
</testsuite> <!-- Guru99.verifyAccountCreation -->
