<?xml version="1.0" encoding="UTF-8"?>
<!-- Generated by org.testng.reporters.JUnitReportReporter -->
<testsuite hostname="LAPTOP-E74DTKLP" failures="0" tests="1" name="Guru99.verifyTwoMobileToCompare" time="7.794" errors="0" timestamp="2020-05-03T13:17:30 MST" skipped="0">
  <testcase classname="Guru99.verifyTwoMobileToCompare" name="addingmobilesToCompare" time="7.794"/>
  <system-out/>
</testsuite> <!-- Guru99.verifyTwoMobileToCompare -->
