<?xml version="1.0" encoding="UTF-8"?>
<!-- Generated by org.testng.reporters.JUnitReportReporter -->
<testsuite hostname="LAPTOP-E74DTKLP" failures="0" tests="1" name="Guru99.verifyTwoMobileToCompare" time="11.438" errors="0" timestamp="2020-05-02T13:22:44 MST" skipped="0">
  <testcase classname="Guru99.verifyTwoMobileToCompare" name="addingmobilesToCompare" time="11.438"/>
  <system-out/>
</testsuite> <!-- Guru99.verifyTwoMobileToCompare -->
