<?xml version="1.0" encoding="UTF-8"?>
<!-- Generated by org.testng.reporters.JUnitReportReporter -->
<testsuite hostname="LAPTOP-E74DTKLP" failures="0" tests="3" name="Guru99.verifyAccountCreation" time="28.680" errors="0" timestamp="2020-05-02T13:22:44 MST" skipped="0">
  <testcase classname="Guru99.verifyAccountCreation" name="creatingNewAccount" time="0.599"/>
  <system-out/>
  <testcase classname="Guru99.verifyAccountCreation" name="addingTvToWishlist" time="15.595"/>
  <system-out/>
  <testcase classname="Guru99.verifyAccountCreation" name="registeringNewUser" time="12.486"/>
  <system-out/>
</testsuite> <!-- Guru99.verifyAccountCreation -->
